0 info it worked if it ends with ok
1 verbose cli [ '/home/wildan/.nvm/versions/node/v6.10.0/bin/node',
1 verbose cli   '/home/wildan/.nvm/versions/node/v6.10.0/bin/npm',
1 verbose cli   'run',
1 verbose cli   'develop' ]
2 info using npm@3.10.10
3 info using node@v6.10.0
4 verbose run-script [ 'predevelop', 'develop', 'postdevelop' ]
5 info lifecycle gatsby-starter-netlify-cms@1.1.3~predevelop: gatsby-starter-netlify-cms@1.1.3
6 silly lifecycle gatsby-starter-netlify-cms@1.1.3~predevelop: no script for predevelop, continuing
7 info lifecycle gatsby-starter-netlify-cms@1.1.3~develop: gatsby-starter-netlify-cms@1.1.3
8 verbose lifecycle gatsby-starter-netlify-cms@1.1.3~develop: unsafe-perm in lifecycle true
9 verbose lifecycle gatsby-starter-netlify-cms@1.1.3~develop: PATH: /home/wildan/.nvm/versions/node/v6.10.0/lib/node_modules/npm/bin/node-gyp-bin:/home/wildan/jobstuff/openthinklabs/investor/almisbah/webapps/almisbah.or.id/node_modules/.bin:/home/wildan/.nvm/versions/node/v6.10.0/bin:/home/wildan/.cargo/bin:/home/wildan/bin:/usr/local/sbin:/usr/local/bin:/usr/sbin:/usr/bin:/sbin:/bin:/usr/games:/usr/local/games:/snap/bin:/opt/foxitsoftware/foxitreader:/home/wildan/bin:/home/wildan/jobstuff/openthinklabs/eksperimen/android/android-studio-preview-3/bin:/home/wildan/jobstuff/openthinklabs/investor/tirtamurnipratama/webapps/tirta-erp/bin/phantomjs/linux/64bit:/opt/freeplane-1.5.21:/opt/phpDocumentor2/bin:/home/wildan/Android/Sdk/tools:/home/wildan/Android/Sdk/platform-tools:/home/wildan/Documents/wildan/jobstuff/software/pdfsizeopt:/home/wildan/Documents/wildan/jobstuff/software/pngout/pngout-20150319-linux/x86_64:/home/wildan/Documents/wildan/jobstuff/software/tif22pnm:/opt/genymobile/genymotion:/opt/jdk-9/bin:/opt/foxitsoftware/foxitreader:/home/wildan/bin:/home/wildan/jobstuff/openthinklabs/eksperimen/android/android-studio-preview-3/bin:/home/wildan/jobstuff/openthinklabs/investor/tirtamurnipratama/webapps/tirta-erp/bin/phantomjs/linux/64bit:/opt/freeplane-1.5.21:/opt/phpDocumentor2/bin:/home/wildan/Android/Sdk/tools:/home/wildan/Android/Sdk/platform-tools:/home/wildan/Documents/wildan/jobstuff/software/pdfsizeopt:/home/wildan/Documents/wildan/jobstuff/software/pngout/pngout-20150319-linux/x86_64:/home/wildan/Documents/wildan/jobstuff/software/tif22pnm:/opt/genymobile/genymotion:/opt/jdk-9/bin
10 verbose lifecycle gatsby-starter-netlify-cms@1.1.3~develop: CWD: /home/wildan/jobstuff/openthinklabs/investor/almisbah/webapps/almisbah.or.id
11 silly lifecycle gatsby-starter-netlify-cms@1.1.3~develop: Args: [ '-c', 'gatsby develop' ]
12 silly lifecycle gatsby-starter-netlify-cms@1.1.3~develop: Returned: code: 1  signal: null
13 info lifecycle gatsby-starter-netlify-cms@1.1.3~develop: Failed to exec develop script
14 verbose stack Error: gatsby-starter-netlify-cms@1.1.3 develop: `gatsby develop`
14 verbose stack Exit status 1
14 verbose stack     at EventEmitter.<anonymous> (/home/wildan/.nvm/versions/node/v6.10.0/lib/node_modules/npm/lib/utils/lifecycle.js:255:16)
14 verbose stack     at emitTwo (events.js:106:13)
14 verbose stack     at EventEmitter.emit (events.js:191:7)
14 verbose stack     at ChildProcess.<anonymous> (/home/wildan/.nvm/versions/node/v6.10.0/lib/node_modules/npm/lib/utils/spawn.js:40:14)
14 verbose stack     at emitTwo (events.js:106:13)
14 verbose stack     at ChildProcess.emit (events.js:191:7)
14 verbose stack     at maybeClose (internal/child_process.js:877:16)
14 verbose stack     at Process.ChildProcess._handle.onexit (internal/child_process.js:226:5)
15 verbose pkgid gatsby-starter-netlify-cms@1.1.3
16 verbose cwd /home/wildan/jobstuff/openthinklabs/investor/almisbah/webapps/almisbah.or.id
17 error Linux 4.15.0-20-generic
18 error argv "/home/wildan/.nvm/versions/node/v6.10.0/bin/node" "/home/wildan/.nvm/versions/node/v6.10.0/bin/npm" "run" "develop"
19 error node v6.10.0
20 error npm  v3.10.10
21 error code ELIFECYCLE
22 error gatsby-starter-netlify-cms@1.1.3 develop: `gatsby develop`
22 error Exit status 1
23 error Failed at the gatsby-starter-netlify-cms@1.1.3 develop script 'gatsby develop'.
23 error Make sure you have the latest version of node.js and npm installed.
23 error If you do, this is most likely a problem with the gatsby-starter-netlify-cms package,
23 error not with npm itself.
23 error Tell the author that this fails on your system:
23 error     gatsby develop
23 error You can get information on how to open an issue for this project with:
23 error     npm bugs gatsby-starter-netlify-cms
23 error Or if that isn't available, you can get their info via:
23 error     npm owner ls gatsby-starter-netlify-cms
23 error There is likely additional logging output above.
24 verbose exit [ 1, true ]
